<?xml version="1.0" encoding="UTF-8"?>
<testng-results ignored="0" total="1" passed="1" failed="0" skipped="0">
  <reporter-output>
  </reporter-output>
  <suite started-at="2021-12-13T13:25:33 IST" name="Default suite" finished-at="2021-12-13T13:25:33 IST" duration-ms="114">
    <groups>
    </groups>
    <test started-at="2021-12-13T13:25:33 IST" name="Default test" finished-at="2021-12-13T13:25:33 IST" duration-ms="114">
      <class name="sdet26.practice2">
        <test-method signature="practice2()[pri:0, instance:sdet26.practice2@7adda9cc]" started-at="2021-12-13T13:25:33 IST" name="practice2" finished-at="2021-12-13T13:25:33 IST" duration-ms="18" status="PASS">
          <reporter-output>
          </reporter-output>
        </test-method> <!-- practice2 -->
      </class> <!-- sdet26.practice2 -->
    </test> <!-- Default test -->
  </suite> <!-- Default suite -->
</testng-results>
