<?xml version="1.0" encoding="UTF-8"?>
<testng-results ignored="0" total="1" passed="1" failed="0" skipped="0">
  <reporter-output>
  </reporter-output>
  <suite started-at="2021-12-10T14:53:30 IST" name="Default suite" finished-at="2021-12-10T14:53:30 IST" duration-ms="97">
    <groups>
    </groups>
    <test started-at="2021-12-10T14:53:30 IST" name="Default test" finished-at="2021-12-10T14:53:30 IST" duration-ms="97">
      <class name="sdet26.GithubTest">
        <test-method signature="gitHub()[pri:0, instance:sdet26.GithubTest@7adda9cc]" started-at="2021-12-10T14:53:30 IST" name="gitHub" finished-at="2021-12-10T14:53:30 IST" duration-ms="20" status="PASS">
          <reporter-output>
          </reporter-output>
        </test-method> <!-- gitHub -->
      </class> <!-- sdet26.GithubTest -->
    </test> <!-- Default test -->
  </suite> <!-- Default suite -->
</testng-results>
